<?xml version="1.0" encoding="UTF-8"?>
<testsuite xmlns:xsi="http://www.w3.org/2001/XMLSchema-instance" xsi:noNamespaceSchemaLocation="https://maven.apache.org/surefire/maven-surefire-plugin/xsd/surefire-test-report-3.0.xsd" version="3.0" name="vishal.stepDefinition.RunCucumberTest" time="4.542" tests="1" errors="0" skipped="0" failures="0">
  <properties>
[...]
</properties>
  <testcase name="Add two numbers" classname="Example feature" time="4.229">
    <system-out><![CDATA[
Scenario: Add two numbers          &amp#27;[90m# src/test/java/cucumber/myFeatureFile.feature:3&amp#27;[0m
  &amp#27;[32mGiven &amp#27;[0m&amp#27;[32mI have two numbers &amp#27;[0m&amp#27;[32m&amp#27;[1m3&amp#27;[0m&amp#27;[32m and &amp#27;[0m&amp#27;[32m&amp#27;[1m5&amp#27;[0m &amp#27;[90m# vishal.stepDefinition.StepDefinitions.i_have_two_numbers_and(int,int)&amp#27;[0m
  &amp#27;[32mWhen &amp#27;[0m&amp#27;[32mI add them&amp#27;[0m                  &amp#27;[90m# vishal.stepDefinition.StepDefinitions.i_add_them()&amp#27;[0m
  &amp#27;[32mThen &amp#27;[0m&amp#27;[32mthe result should be &amp#27;[0m&amp#27;[32m&amp#27;[1m8&amp#27;[0m      &amp#27;[90m# vishal.stepDefinition.StepDefinitions.the_result_should_be(int)&amp#27;[0m
]]></system-out>
    <system-err><![CDATA[Jun 26, 2024 7:44:15 PM org.openqa.selenium.devtools.CdpVersionFinder findNearestMatch
WARNING: Unable to find an exact match for CDP version 126, returning the closest version; found: 125; Please update to a Selenium version that supports CDP version 126
]]></system-err>
  </testcase>
</testsuite>